<?xml version="1.0" encoding="UTF-8"?>
<!-- Generated by org.testng.reporters.JUnitReportReporter -->
<testsuite hostname="LAPTOP-43J61F2D" name="TestNGPractice.RobotClass" tests="1" failures="0" timestamp="29 Mar 2020 05:12:34 GMT" time="22.010" errors="0">
  <testcase name="f2" time="22.010" classname="TestNGPractice.RobotClass"/>
</testsuite> <!-- TestNGPractice.RobotClass -->
