<?xml version="1.0" encoding="UTF-8"?>
<!-- Generated by org.testng.reporters.JUnitReportReporter -->
<testsuite hostname="LAPTOP-43J61F2D" name="chromeLaunch.FramesHandling" tests="1" failures="0" timestamp="28 Mar 2020 11:23:59 GMT" time="24.298" errors="0">
  <testcase name="handle" time="24.298" classname="chromeLaunch.FramesHandling"/>
</testsuite> <!-- chromeLaunch.FramesHandling -->
