<?xml version="1.0" encoding="UTF-8"?>
<!-- Generated by org.testng.reporters.JUnitReportReporter -->
<testsuite hostname="LAPTOP-43J61F2D" name="chromeLaunch.MultiWindow" tests="1" failures="0" timestamp="28 Mar 2020 06:13:47 GMT" time="59.659" errors="0">
  <testcase name="f1" time="59.659" classname="chromeLaunch.MultiWindow"/>
</testsuite> <!-- chromeLaunch.MultiWindow -->
