<?xml version="1.0" encoding="UTF-8"?>
<!-- Generated by org.testng.reporters.JUnitReportReporter -->
<testsuite hostname="LAPTOP-43J61F2D" name="chromeLaunch.LaunchChrome" tests="1" failures="0" timestamp="28 Mar 2020 10:42:37 GMT" time="32.471" errors="0">
  <testcase name="launch" time="32.471" classname="chromeLaunch.LaunchChrome"/>
</testsuite> <!-- chromeLaunch.LaunchChrome -->
