<?xml version="1.0" encoding="UTF-8"?>
<!-- Generated by org.testng.reporters.JUnitReportReporter -->
<testsuite hostname="LAPTOP-43J61F2D" name="chromeLaunch.RobotClass" tests="1" failures="0" timestamp="21 Mar 2020 04:57:06 GMT" time="22.864" errors="0">
  <testcase name="f2" time="22.864" classname="chromeLaunch.RobotClass"/>
</testsuite> <!-- chromeLaunch.RobotClass -->
