<?xml version="1.0" encoding="UTF-8"?>
<!-- Generated by org.testng.reporters.JUnitReportReporter -->
<testsuite hostname="LAPTOP-43J61F2D" name="chromeLaunch.Demo_Robot_download" tests="1" failures="0" timestamp="23 Mar 2020 13:59:37 GMT" time="91.265" errors="0">
  <testcase name="f4" time="91.265" classname="chromeLaunch.Demo_Robot_download"/>
</testsuite> <!-- chromeLaunch.Demo_Robot_download -->
